{"C:\\Users\\Fernando\\Documents\\webacademy\\WACAD016-Testes\\myapp_test\\src\\utils\\validations.js": {"path":"C:\\Users\\Fernando\\Documents\\webacademy\\WACAD016-Testes\\myapp_test\\src\\utils\\validations.js","all":false,"statementMap":{"0":{"start":{"line":1,"column":0},"end":{"line":1,"column":3}},"1":{"start":{"line":2,"column":0},"end":{"line":2,"column":51}},"2":{"start":{"line":3,"column":0},"end":{"line":3,"column":2}},"3":{"start":{"line":4,"column":0},"end":{"line":4,"column":75}},"4":{"start":{"line":5,"column":0},"end":{"line":5,"column":114}},"5":{"start":{"line":6,"column":0},"end":{"line":6,"column":3}},"6":{"start":{"line":7,"column":0},"end":{"line":7,"column":30}},"7":{"start":{"line":8,"column":0},"end":{"line":8,"column":47}},"8":{"start":{"line":9,"column":0},"end":{"line":9,"column":0}},"9":{"start":{"line":10,"column":0},"end":{"line":10,"column":41}},"10":{"start":{"line":11,"column":0},"end":{"line":11,"column":44}},"11":{"start":{"line":12,"column":0},"end":{"line":12,"column":1}},"12":{"start":{"line":13,"column":0},"end":{"line":13,"column":0}},"13":{"start":{"line":14,"column":0},"end":{"line":14,"column":3}},"14":{"start":{"line":15,"column":0},"end":{"line":15,"column":90}},"15":{"start":{"line":16,"column":0},"end":{"line":16,"column":2}},"16":{"start":{"line":17,"column":0},"end":{"line":17,"column":83}},"17":{"start":{"line":18,"column":0},"end":{"line":18,"column":70}},"18":{"start":{"line":19,"column":0},"end":{"line":19,"column":113}},"19":{"start":{"line":20,"column":0},"end":{"line":20,"column":48}},"20":{"start":{"line":21,"column":0},"end":{"line":21,"column":3}},"21":{"start":{"line":22,"column":0},"end":{"line":22,"column":52}},"22":{"start":{"line":23,"column":0},"end":{"line":23,"column":17}},"23":{"start":{"line":24,"column":0},"end":{"line":24,"column":15}},"24":{"start":{"line":25,"column":0},"end":{"line":25,"column":19}},"25":{"start":{"line":26,"column":0},"end":{"line":26,"column":17}},"26":{"start":{"line":27,"column":0},"end":{"line":27,"column":15}},"27":{"start":{"line":28,"column":0},"end":{"line":28,"column":12}},"28":{"start":{"line":29,"column":0},"end":{"line":29,"column":4}},"29":{"start":{"line":30,"column":0},"end":{"line":30,"column":0}},"30":{"start":{"line":31,"column":0},"end":{"line":31,"column":44}},"31":{"start":{"line":32,"column":0},"end":{"line":32,"column":41}},"32":{"start":{"line":33,"column":0},"end":{"line":33,"column":19}},"33":{"start":{"line":34,"column":0},"end":{"line":34,"column":1}},"34":{"start":{"line":35,"column":0},"end":{"line":35,"column":0}},"35":{"start":{"line":36,"column":0},"end":{"line":36,"column":3}},"36":{"start":{"line":37,"column":0},"end":{"line":37,"column":83}},"37":{"start":{"line":38,"column":0},"end":{"line":38,"column":2}},"38":{"start":{"line":39,"column":0},"end":{"line":39,"column":108}},"39":{"start":{"line":40,"column":0},"end":{"line":40,"column":104}},"40":{"start":{"line":41,"column":0},"end":{"line":41,"column":67}},"41":{"start":{"line":42,"column":0},"end":{"line":42,"column":2}},"42":{"start":{"line":43,"column":0},"end":{"line":43,"column":29}},"43":{"start":{"line":44,"column":0},"end":{"line":44,"column":6}},"44":{"start":{"line":45,"column":0},"end":{"line":45,"column":53}},"45":{"start":{"line":46,"column":0},"end":{"line":46,"column":53}},"46":{"start":{"line":47,"column":0},"end":{"line":47,"column":52}},"47":{"start":{"line":48,"column":0},"end":{"line":48,"column":6}},"48":{"start":{"line":49,"column":0},"end":{"line":49,"column":3}},"49":{"start":{"line":50,"column":0},"end":{"line":50,"column":40}},"50":{"start":{"line":51,"column":0},"end":{"line":51,"column":16}},"51":{"start":{"line":52,"column":0},"end":{"line":52,"column":2}},"52":{"start":{"line":53,"column":0},"end":{"line":53,"column":35}},"53":{"start":{"line":54,"column":0},"end":{"line":54,"column":82}},"54":{"start":{"line":55,"column":0},"end":{"line":55,"column":88}},"55":{"start":{"line":56,"column":0},"end":{"line":56,"column":5}},"56":{"start":{"line":57,"column":0},"end":{"line":57,"column":0}},"57":{"start":{"line":58,"column":0},"end":{"line":58,"column":101}},"58":{"start":{"line":59,"column":0},"end":{"line":59,"column":3}},"59":{"start":{"line":60,"column":0},"end":{"line":60,"column":0}},"60":{"start":{"line":61,"column":0},"end":{"line":61,"column":15}},"61":{"start":{"line":62,"column":0},"end":{"line":62,"column":1}},"62":{"start":{"line":63,"column":0},"end":{"line":63,"column":0}},"63":{"start":{"line":64,"column":0},"end":{"line":64,"column":0}},"64":{"start":{"line":65,"column":0},"end":{"line":65,"column":77}}},"s":{"0":1,"1":1,"2":1,"3":1,"4":1,"5":1,"6":2,"7":2,"8":2,"9":2,"10":1,"11":2,"12":1,"13":1,"14":1,"15":1,"16":1,"17":1,"18":1,"19":1,"20":1,"21":2,"22":2,"23":2,"24":2,"25":2,"26":2,"27":2,"28":2,"29":2,"30":2,"31":2,"32":1,"33":2,"34":1,"35":1,"36":1,"37":1,"38":1,"39":1,"40":1,"41":1,"42":1,"43":1,"44":1,"45":1,"46":1,"47":1,"48":1,"49":2,"50":2,"51":2,"52":2,"53":4,"54":1,"55":1,"56":3,"57":3,"58":3,"59":1,"60":1,"61":1,"62":1,"63":1,"64":1},"branchMap":{"0":{"type":"branch","line":7,"loc":{"start":{"line":7,"column":0},"end":{"line":12,"column":1}},"locations":[{"start":{"line":7,"column":0},"end":{"line":12,"column":1}}]},"1":{"type":"branch","line":10,"loc":{"start":{"line":10,"column":25},"end":{"line":11,"column":44}},"locations":[{"start":{"line":10,"column":25},"end":{"line":11,"column":44}}]},"2":{"type":"branch","line":22,"loc":{"start":{"line":22,"column":0},"end":{"line":34,"column":1}},"locations":[{"start":{"line":22,"column":0},"end":{"line":34,"column":1}}]},"3":{"type":"branch","line":32,"loc":{"start":{"line":32,"column":28},"end":{"line":33,"column":19}},"locations":[{"start":{"line":32,"column":28},"end":{"line":33,"column":19}}]},"4":{"type":"branch","line":50,"loc":{"start":{"line":50,"column":0},"end":{"line":62,"column":1}},"locations":[{"start":{"line":50,"column":0},"end":{"line":62,"column":1}}]},"5":{"type":"branch","line":53,"loc":{"start":{"line":53,"column":34},"end":{"line":59,"column":3}},"locations":[{"start":{"line":53,"column":34},"end":{"line":59,"column":3}}]},"6":{"type":"branch","line":54,"loc":{"start":{"line":54,"column":40},"end":{"line":54,"column":79}},"locations":[{"start":{"line":54,"column":40},"end":{"line":54,"column":79}}]},"7":{"type":"branch","line":54,"loc":{"start":{"line":54,"column":81},"end":{"line":56,"column":5}},"locations":[{"start":{"line":54,"column":81},"end":{"line":56,"column":5}}]},"8":{"type":"branch","line":56,"loc":{"start":{"line":56,"column":4},"end":{"line":59,"column":3}},"locations":[{"start":{"line":56,"column":4},"end":{"line":59,"column":3}}]},"9":{"type":"branch","line":59,"loc":{"start":{"line":59,"column":2},"end":{"line":62,"column":1}},"locations":[{"start":{"line":59,"column":2},"end":{"line":62,"column":1}}]}},"b":{"0":[2],"1":[1],"2":[2],"3":[1],"4":[2],"5":[4],"6":[3],"7":[1],"8":[3],"9":[1]},"fnMap":{"0":{"name":"firstName","decl":{"start":{"line":7,"column":0},"end":{"line":12,"column":1}},"loc":{"start":{"line":7,"column":0},"end":{"line":12,"column":1}},"line":7},"1":{"name":"verifyStockAvailability","decl":{"start":{"line":22,"column":0},"end":{"line":34,"column":1}},"loc":{"start":{"line":22,"column":0},"end":{"line":34,"column":1}},"line":22},"2":{"name":"calculateTotalPrice","decl":{"start":{"line":50,"column":0},"end":{"line":62,"column":1}},"loc":{"start":{"line":50,"column":0},"end":{"line":62,"column":1}},"line":50}},"f":{"0":2,"1":2,"2":2}}
}
