TN:
SF:src\utils\validations.js
FN:7,firstName
FN:22,verifyStockAvailability
FN:50,calculateTotalPrice
FNF:3
FNH:3
FNDA:2,firstName
FNDA:2,verifyStockAvailability
FNDA:2,calculateTotalPrice
DA:1,1
DA:2,1
DA:3,1
DA:4,1
DA:5,1
DA:6,1
DA:7,2
DA:8,2
DA:9,2
DA:10,2
DA:11,1
DA:12,2
DA:13,1
DA:14,1
DA:15,1
DA:16,1
DA:17,1
DA:18,1
DA:19,1
DA:20,1
DA:21,1
DA:22,2
DA:23,2
DA:24,2
DA:25,2
DA:26,2
DA:27,2
DA:28,2
DA:29,2
DA:30,2
DA:31,2
DA:32,2
DA:33,1
DA:34,2
DA:35,1
DA:36,1
DA:37,1
DA:38,1
DA:39,1
DA:40,1
DA:41,1
DA:42,1
DA:43,1
DA:44,1
DA:45,1
DA:46,1
DA:47,1
DA:48,1
DA:49,1
DA:50,2
DA:51,2
DA:52,2
DA:53,2
DA:54,4
DA:55,1
DA:56,1
DA:57,3
DA:58,3
DA:59,3
DA:60,1
DA:61,1
DA:62,1
DA:63,1
DA:64,1
DA:65,1
LF:65
LH:65
BRDA:7,0,0,2
BRDA:10,1,0,1
BRDA:22,2,0,2
BRDA:32,3,0,1
BRDA:50,4,0,2
BRDA:53,5,0,4
BRDA:54,6,0,3
BRDA:54,7,0,1
BRDA:56,8,0,3
BRDA:59,9,0,1
BRF:10
BRH:10
end_of_record
